# JRE version: OpenJDK Runtime Environment (11.0.8+10) (build 11.0.8+10-post-Ubuntu-0ubuntu120.04)
# Java VM: OpenJDK 64-Bit Server VM (11.0.8+10-post-Ubuntu-0ubuntu120.04, mixed mode, sharing, tiered, compressed oops, g1 gc, linux-amd64)
Heap:
 garbage-first heap   total 86016K, used 62796K [0x0000000746c00000, 0x0000000800000000)
  region size 1024K, 32 young (32768K), 4 survivors (4096K)
 Metaspace       used 77086K, capacity 79641K, committed 79900K, reserved 1120256K
  class space    used 9185K, capacity 9979K, committed 10092K, reserved 1048576K
GC Heap History (20 events):
Event: 557,905 GC heap after
{Heap after GC invocations=63 (full 7):
 garbage-first heap   total 86016K, used 32859K [0x0000000746c00000, 0x0000000800000000)
  region size 1024K, 5 young (5120K), 5 survivors (5120K)
 Metaspace       used 75433K, capacity 77881K, committed 78236K, reserved 1118208K
  class space    used 9058K, capacity 9833K, committed 9964K, reserved 1048576K
}
Event: 558,108 GC heap before
{Heap before GC invocations=63 (full 7):
 garbage-first heap   total 86016K, used 66651K [0x0000000746c00000, 0x0000000800000000)
  region size 1024K, 39 young (39936K), 5 survivors (5120K)
 Metaspace       used 75711K, capacity 78181K, committed 78492K, reserved 1118208K
  class space    used 9075K, capacity 9868K, committed 9964K, reserved 1048576K
}
Event: 558,115 GC heap after
{Heap after GC invocations=64 (full 7):
 garbage-first heap   total 86016K, used 33815K [0x0000000746c00000, 0x0000000800000000)
  region size 1024K, 3 young (3072K), 3 survivors (3072K)
 Metaspace       used 75711K, capacity 78181K, committed 78492K, reserved 1118208K
  class space    used 9075K, capacity 9868K, committed 9964K, reserved 1048576K
}
Event: 558,346 GC heap before
{Heap before GC invocations=64 (full 7):
 garbage-first heap   total 86016K, used 67607K [0x0000000746c00000, 0x0000000800000000)
  region size 1024K, 36 young (36864K), 3 survivors (3072K)
 Metaspace       used 75902K, capacity 78319K, committed 78492K, reserved 1118208K
  class space    used 9086K, capacity 9868K, committed 9964K, reserved 1048576K
}
Event: 558,353 GC heap after
{Heap after GC invocations=65 (full 7):
 garbage-first heap   total 86016K, used 35691K [0x0000000746c00000, 0x0000000800000000)
  region size 1024K, 4 young (4096K), 4 survivors (4096K)
 Metaspace       used 75902K, capacity 78319K, committed 78492K, reserved 1118208K
  class space    used 9086K, capacity 9868K, committed 9964K, reserved 1048576K
}
Event: 561,806 GC heap before
{Heap before GC invocations=65 (full 7):
 garbage-first heap   total 86016K, used 39787K [0x0000000746c00000, 0x0000000800000000)
  region size 1024K, 9 young (9216K), 4 survivors (4096K)
 Metaspace       used 75916K, capacity 78331K, committed 78492K, reserved 1118208K
  class space    used 9087K, capacity 9871K, committed 9964K, reserved 1048576K
}
Event: 561,879 GC heap after
{Heap after GC invocations=66 (full 8):
 garbage-first heap   total 86016K, used 26163K [0x0000000746c00000, 0x0000000800000000)
  region size 1024K, 0 young (0K), 0 survivors (0K)
 Metaspace       used 75910K, capacity 78319K, committed 78492K, reserved 1118208K
  class space    used 9086K, capacity 9867K, committed 9964K, reserved 1048576K
}
Event: 562,165 GC heap before
{Heap before GC invocations=66 (full 8):
 garbage-first heap   total 86016K, used 64051K [0x0000000746c00000, 0x0000000800000000)
  region size 1024K, 37 young (37888K), 0 survivors (0K)
 Metaspace       used 76024K, capacity 78567K, committed 78748K, reserved 1118208K
  class space    used 9103K, capacity 9907K, committed 9964K, reserved 1048576K
}
Event: 562,169 GC heap after
{Heap after GC invocations=67 (full 8):
 garbage-first heap   total 86016K, used 27985K [0x0000000746c00000, 0x0000000800000000)
  region size 1024K, 2 young (2048K), 2 survivors (2048K)
 Metaspace       used 76024K, capacity 78567K, committed 78748K, reserved 1118208K
  class space    used 9103K, capacity 9907K, committed 9964K, reserved 1048576K
}
Event: 562,390 GC heap before
{Heap before GC invocations=67 (full 8):
 garbage-first heap   total 86016K, used 63825K [0x0000000746c00000, 0x0000000800000000)
  region size 1024K, 38 young (38912K), 2 survivors (2048K)
 Metaspace       used 76219K, capacity 78763K, committed 79004K, reserved 1118208K
  class space    used 9122K, capacity 9907K, committed 9964K, reserved 1048576K
}
Event: 562,394 GC heap after
{Heap after GC invocations=68 (full 8):
 garbage-first heap   total 86016K, used 28683K [0x0000000746c00000, 0x0000000800000000)
  region size 1024K, 3 young (3072K), 3 survivors (3072K)
 Metaspace       used 76219K, capacity 78763K, committed 79004K, reserved 1118208K
  class space    used 9122K, capacity 9907K, committed 9964K, reserved 1048576K
}
Event: 562,485 GC heap before
{Heap before GC invocations=68 (full 8):
 garbage-first heap   total 86016K, used 64523K [0x0000000746c00000, 0x0000000800000000)
  region size 1024K, 39 young (39936K), 3 survivors (3072K)
 Metaspace       used 76243K, capacity 78765K, committed 79004K, reserved 1118208K
  class space    used 9123K, capacity 9907K, committed 9964K, reserved 1048576K
}
Event: 562,489 GC heap after
{Heap after GC invocations=69 (full 8):
 garbage-first heap   total 86016K, used 29348K [0x0000000746c00000, 0x0000000800000000)
  region size 1024K, 4 young (4096K), 4 survivors (4096K)
 Metaspace       used 76243K, capacity 78765K, committed 79004K, reserved 1118208K
  class space    used 9123K, capacity 9907K, committed 9964K, reserved 1048576K
}
Event: 562,727 GC heap before
{Heap before GC invocations=69 (full 8):
 garbage-first heap   total 86016K, used 66212K [0x0000000746c00000, 0x0000000800000000)
  region size 1024K, 40 young (40960K), 4 survivors (4096K)
 Metaspace       used 76556K, capacity 79056K, committed 79260K, reserved 1118208K
  class space    used 9154K, capacity 9939K, committed 9964K, reserved 1048576K
}
Event: 562,746 GC heap after
{Heap after GC invocations=70 (full 8):
 garbage-first heap   total 86016K, used 31211K [0x0000000746c00000, 0x0000000800000000)
  region size 1024K, 4 young (4096K), 4 survivors (4096K)
 Metaspace       used 76556K, capacity 79056K, committed 79260K, reserved 1118208K
  class space    used 9154K, capacity 9939K, committed 9964K, reserved 1048576K
}
Event: 562,948 GC heap before
{Heap before GC invocations=70 (full 8):
 garbage-first heap   total 86016K, used 67051K [0x0000000746c00000, 0x0000000800000000)
  region size 1024K, 40 young (40960K), 4 survivors (4096K)
 Metaspace       used 76825K, capacity 79352K, committed 79644K, reserved 1118208K
  class space    used 9170K, capacity 9972K, committed 10092K, reserved 1048576K
}
Event: 562,953 GC heap after
{Heap after GC invocations=71 (full 8):
 garbage-first heap   total 86016K, used 32703K [0x0000000746c00000, 0x0000000800000000)
  region size 1024K, 5 young (5120K), 5 survivors (5120K)
 Metaspace       used 76825K, capacity 79352K, committed 79644K, reserved 1118208K
  class space    used 9170K, capacity 9972K, committed 10092K, reserved 1048576K
}
Event: 563,258 GC heap before
{Heap before GC invocations=71 (full 8):
 garbage-first heap   total 86016K, used 67519K [0x0000000746c00000, 0x0000000800000000)
  region size 1024K, 39 young (39936K), 5 survivors (5120K)
 Metaspace       used 77007K, capacity 79486K, committed 79900K, reserved 1120256K
  class space    used 9181K, capacity 9972K, committed 10092K, reserved 1048576K
}
Event: 563,266 GC heap after
{Heap after GC invocations=72 (full 8):
 garbage-first heap   total 86016K, used 34244K [0x0000000746c00000, 0x0000000800000000)
  region size 1024K, 4 young (4096K), 4 survivors (4096K)
 Metaspace       used 77007K, capacity 79486K, committed 79900K, reserved 1120256K
  class space    used 9181K, capacity 9972K, committed 10092K, reserved 1048576K
}
Event: 660,438 GC heap before
{Heap before GC invocations=72 (full 8):
 garbage-first heap   total 86016K, used 61892K [0x0000000746c00000, 0x0000000800000000)
  region size 1024K, 32 young (32768K), 4 survivors (4096K)
 Metaspace       used 77086K, capacity 79641K, committed 79900K, reserved 1120256K
  class space    used 9185K, capacity 9979K, committed 10092K, reserved 1048576K
}

