# JRE version: OpenJDK Runtime Environment (11.0.8+10) (build 11.0.8+10-post-Ubuntu-0ubuntu120.04)
# Java VM: OpenJDK 64-Bit Server VM (11.0.8+10-post-Ubuntu-0ubuntu120.04, mixed mode, sharing, tiered, compressed oops, g1 gc, linux-amd64)
Heap:
 garbage-first heap   total 311296K, used 203630K [0x0000000746c00000, 0x0000000800000000)
  region size 1024K, 179 young (183296K), 12 survivors (12288K)
 Metaspace       used 72081K, capacity 74112K, committed 74240K, reserved 1114112K
  class space    used 9127K, capacity 9934K, committed 9984K, reserved 1048576K
GC Heap History (20 events):
Event: 0,768 GC heap after
{Heap after GC invocations=2 (full 0):
 garbage-first heap   total 192512K, used 7560K [0x0000000746c00000, 0x0000000800000000)
  region size 1024K, 1 young (1024K), 1 survivors (1024K)
 Metaspace       used 4112K, capacity 6787K, committed 7040K, reserved 1056768K
  class space    used 516K, capacity 842K, committed 896K, reserved 1048576K
}
Event: 1,400 GC heap before
{Heap before GC invocations=2 (full 0):
 garbage-first heap   total 192512K, used 36232K [0x0000000746c00000, 0x0000000800000000)
  region size 1024K, 29 young (29696K), 1 survivors (1024K)
 Metaspace       used 8407K, capacity 10091K, committed 10368K, reserved 1058816K
  class space    used 1046K, capacity 1304K, committed 1408K, reserved 1048576K
}
Event: 1,406 GC heap after
{Heap after GC invocations=3 (full 0):
 garbage-first heap   total 192512K, used 9128K [0x0000000746c00000, 0x0000000800000000)
  region size 1024K, 2 young (2048K), 2 survivors (2048K)
 Metaspace       used 8407K, capacity 10091K, committed 10368K, reserved 1058816K
  class space    used 1046K, capacity 1304K, committed 1408K, reserved 1048576K
}
Event: 2,027 GC heap before
{Heap before GC invocations=3 (full 0):
 garbage-first heap   total 192512K, used 53160K [0x0000000746c00000, 0x0000000800000000)
  region size 1024K, 46 young (47104K), 2 survivors (2048K)
 Metaspace       used 15506K, capacity 16203K, committed 16512K, reserved 1062912K
  class space    used 2110K, capacity 2384K, committed 2432K, reserved 1048576K
}
Event: 2,037 GC heap after
{Heap after GC invocations=4 (full 0):
 garbage-first heap   total 192512K, used 10990K [0x0000000746c00000, 0x0000000800000000)
  region size 1024K, 4 young (4096K), 4 survivors (4096K)
 Metaspace       used 15506K, capacity 16203K, committed 16512K, reserved 1062912K
  class space    used 2110K, capacity 2384K, committed 2432K, reserved 1048576K
}
Event: 2,294 GC heap before
{Heap before GC invocations=4 (full 0):
 garbage-first heap   total 192512K, used 38638K [0x0000000746c00000, 0x0000000800000000)
  region size 1024K, 32 young (32768K), 4 survivors (4096K)
 Metaspace       used 20230K, capacity 21041K, committed 21248K, reserved 1067008K
  class space    used 2669K, capacity 3001K, committed 3072K, reserved 1048576K
}
Event: 2,302 GC heap after
{Heap after GC invocations=5 (full 0):
 garbage-first heap   total 234496K, used 11858K [0x0000000746c00000, 0x0000000800000000)
  region size 1024K, 5 young (5120K), 5 survivors (5120K)
 Metaspace       used 20230K, capacity 21041K, committed 21248K, reserved 1067008K
  class space    used 2669K, capacity 3001K, committed 3072K, reserved 1048576K
}
Event: 2,676 GC heap before
{Heap before GC invocations=6 (full 0):
 garbage-first heap   total 234496K, used 76370K [0x0000000746c00000, 0x0000000800000000)
  region size 1024K, 69 young (70656K), 5 survivors (5120K)
 Metaspace       used 23092K, capacity 23996K, committed 24192K, reserved 1071104K
  class space    used 3045K, capacity 3391K, committed 3456K, reserved 1048576K
}
Event: 2,692 GC heap after
{Heap after GC invocations=7 (full 0):
 garbage-first heap   total 234496K, used 13137K [0x0000000746c00000, 0x0000000800000000)
  region size 1024K, 6 young (6144K), 6 survivors (6144K)
 Metaspace       used 23092K, capacity 23996K, committed 24192K, reserved 1071104K
  class space    used 3045K, capacity 3391K, committed 3456K, reserved 1048576K
}
Event: 3,805 GC heap before
{Heap before GC invocations=7 (full 0):
 garbage-first heap   total 234496K, used 124753K [0x0000000746c00000, 0x0000000800000000)
  region size 1024K, 115 young (117760K), 6 survivors (6144K)
 Metaspace       used 27724K, capacity 28722K, committed 28928K, reserved 1075200K
  class space    used 3632K, capacity 4027K, committed 4096K, reserved 1048576K
}
Event: 3,825 GC heap after
{Heap after GC invocations=8 (full 0):
 garbage-first heap   total 234496K, used 15328K [0x0000000746c00000, 0x0000000800000000)
  region size 1024K, 8 young (8192K), 8 survivors (8192K)
 Metaspace       used 27724K, capacity 28722K, committed 28928K, reserved 1075200K
  class space    used 3632K, capacity 4027K, committed 4096K, reserved 1048576K
}
Event: 4,878 GC heap before
{Heap before GC invocations=8 (full 0):
 garbage-first heap   total 234496K, used 126944K [0x0000000746c00000, 0x0000000800000000)
  region size 1024K, 119 young (121856K), 8 survivors (8192K)
 Metaspace       used 34390K, capacity 35609K, committed 35840K, reserved 1081344K
  class space    used 4426K, capacity 4930K, committed 4992K, reserved 1048576K
}
Event: 4,901 GC heap after
{Heap after GC invocations=9 (full 0):
 garbage-first heap   total 234496K, used 19424K [0x0000000746c00000, 0x0000000800000000)
  region size 1024K, 12 young (12288K), 12 survivors (12288K)
 Metaspace       used 34390K, capacity 35609K, committed 35840K, reserved 1081344K
  class space    used 4426K, capacity 4930K, committed 4992K, reserved 1048576K
}
Event: 6,962 GC heap before
{Heap before GC invocations=10 (full 0):
 garbage-first heap   total 234496K, used 147424K [0x0000000746c00000, 0x0000000800000000)
  region size 1024K, 137 young (140288K), 12 survivors (12288K)
 Metaspace       used 52712K, capacity 54121K, committed 54656K, reserved 1095680K
  class space    used 6923K, capacity 7478K, committed 7552K, reserved 1048576K
}
Event: 6,993 GC heap after
{Heap after GC invocations=11 (full 0):
 garbage-first heap   total 311296K, used 24895K [0x0000000746c00000, 0x0000000800000000)
  region size 1024K, 14 young (14336K), 14 survivors (14336K)
 Metaspace       used 52712K, capacity 54121K, committed 54656K, reserved 1095680K
  class space    used 6923K, capacity 7478K, committed 7552K, reserved 1048576K
}
Event: 7,895 GC heap before
{Heap before GC invocations=11 (full 0):
 garbage-first heap   total 311296K, used 100671K [0x0000000746c00000, 0x0000000800000000)
  region size 1024K, 90 young (92160K), 14 survivors (14336K)
 Metaspace       used 58230K, capacity 59839K, committed 60160K, reserved 1101824K
  class space    used 7586K, capacity 8206K, committed 8320K, reserved 1048576K
}
Event: 7,915 GC heap after
{Heap after GC invocations=12 (full 0):
 garbage-first heap   total 311296K, used 28395K [0x0000000746c00000, 0x0000000800000000)
  region size 1024K, 16 young (16384K), 16 survivors (16384K)
 Metaspace       used 58230K, capacity 59839K, committed 60160K, reserved 1101824K
  class space    used 7586K, capacity 8206K, committed 8320K, reserved 1048576K
}
Event: 9,609 GC heap before
{Heap before GC invocations=13 (full 0):
 garbage-first heap   total 311296K, used 178923K [0x0000000746c00000, 0x0000000800000000)
  region size 1024K, 163 young (166912K), 16 survivors (16384K)
 Metaspace       used 65055K, capacity 66954K, committed 67328K, reserved 1107968K
  class space    used 8486K, capacity 9203K, committed 9216K, reserved 1048576K
}
Event: 9,630 GC heap after
{Heap after GC invocations=14 (full 0):
 garbage-first heap   total 311296K, used 32622K [0x0000000746c00000, 0x0000000800000000)
  region size 1024K, 15 young (15360K), 15 survivors (15360K)
 Metaspace       used 65055K, capacity 66954K, committed 67328K, reserved 1107968K
  class space    used 8486K, capacity 9203K, committed 9216K, reserved 1048576K
}
Event: 11,895 GC heap before
{Heap before GC invocations=14 (full 0):
 garbage-first heap   total 311296K, used 203630K [0x0000000746c00000, 0x0000000800000000)
  region size 1024K, 182 young (186368K), 15 survivors (15360K)
 Metaspace       used 72081K, capacity 74112K, committed 74240K, reserved 1114112K
  class space    used 9127K, capacity 9934K, committed 9984K, reserved 1048576K
}

