# JRE version: OpenJDK Runtime Environment (11.0.8+10) (build 11.0.8+10-post-Ubuntu-0ubuntu120.04)
# Java VM: OpenJDK 64-Bit Server VM (11.0.8+10-post-Ubuntu-0ubuntu120.04, mixed mode, sharing, tiered, compressed oops, g1 gc, linux-amd64)
Heap:
 garbage-first heap   total 392192K, used 26865K [0x0000000746c00000, 0x0000000800000000)
  region size 1024K, 19 young (19456K), 18 survivors (18432K)
 Metaspace       used 58769K, capacity 60312K, committed 60700K, reserved 1101824K
  class space    used 7581K, capacity 8189K, committed 8300K, reserved 1048576K
GC Heap History (20 events):
Event: 0,377 GC heap before
{Heap before GC invocations=0 (full 0):
 garbage-first heap   total 192512K, used 15044K [0x0000000746c00000, 0x0000000800000000)
  region size 1024K, 14 young (14336K), 0 survivors (0K)
 Metaspace       used 2613K, capacity 5776K, committed 6016K, reserved 1056768K
  class space    used 258K, capacity 540K, committed 640K, reserved 1048576K
}
Event: 0,387 GC heap after
{Heap after GC invocations=1 (full 0):
 garbage-first heap   total 192512K, used 6469K [0x0000000746c00000, 0x0000000800000000)
  region size 1024K, 2 young (2048K), 2 survivors (2048K)
 Metaspace       used 2613K, capacity 5776K, committed 6016K, reserved 1056768K
  class space    used 258K, capacity 540K, committed 640K, reserved 1048576K
}
Event: 0,630 GC heap before
{Heap before GC invocations=1 (full 0):
 garbage-first heap   total 192512K, used 54597K [0x0000000746c00000, 0x0000000800000000)
  region size 1024K, 50 young (51200K), 2 survivors (2048K)
 Metaspace       used 4785K, capacity 6912K, committed 7168K, reserved 1056768K
  class space    used 532K, capacity 748K, committed 768K, reserved 1048576K
}
Event: 0,637 GC heap after
{Heap after GC invocations=2 (full 0):
 garbage-first heap   total 192512K, used 6896K [0x0000000746c00000, 0x0000000800000000)
  region size 1024K, 3 young (3072K), 3 survivors (3072K)
 Metaspace       used 4785K, capacity 6912K, committed 7168K, reserved 1056768K
  class space    used 532K, capacity 748K, committed 768K, reserved 1048576K
}
Event: 1,165 GC heap before
{Heap before GC invocations=2 (full 0):
 garbage-first heap   total 192512K, used 61168K [0x0000000746c00000, 0x0000000800000000)
  region size 1024K, 57 young (58368K), 3 survivors (3072K)
 Metaspace       used 15006K, capacity 15532K, committed 15744K, reserved 1062912K
  class space    used 1940K, capacity 2118K, committed 2176K, reserved 1048576K
}
Event: 1,178 GC heap after
{Heap after GC invocations=3 (full 0):
 garbage-first heap   total 192512K, used 9319K [0x0000000746c00000, 0x0000000800000000)
  region size 1024K, 5 young (5120K), 5 survivors (5120K)
 Metaspace       used 15006K, capacity 15532K, committed 15744K, reserved 1062912K
  class space    used 1940K, capacity 2118K, committed 2176K, reserved 1048576K
}
Event: 1,633 GC heap before
{Heap before GC invocations=3 (full 0):
 garbage-first heap   total 192512K, used 78951K [0x0000000746c00000, 0x0000000800000000)
  region size 1024K, 74 young (75776K), 5 survivors (5120K)
 Metaspace       used 19830K, capacity 20454K, committed 20736K, reserved 1067008K
  class space    used 2548K, capacity 2756K, committed 2816K, reserved 1048576K
}
Event: 1,645 GC heap after
{Heap after GC invocations=4 (full 0):
 garbage-first heap   total 192512K, used 10980K [0x0000000746c00000, 0x0000000800000000)
  region size 1024K, 7 young (7168K), 7 survivors (7168K)
 Metaspace       used 19830K, capacity 20454K, committed 20736K, reserved 1067008K
  class space    used 2548K, capacity 2756K, committed 2816K, reserved 1048576K
}
Event: 1,952 GC heap before
{Heap before GC invocations=4 (full 0):
 garbage-first heap   total 192512K, used 37604K [0x0000000746c00000, 0x0000000800000000)
  region size 1024K, 34 young (34816K), 7 survivors (7168K)
 Metaspace       used 20522K, capacity 21168K, committed 21296K, reserved 1067008K
  class space    used 2620K, capacity 2888K, committed 2944K, reserved 1048576K
}
Event: 1,979 GC heap after
{Heap after GC invocations=5 (full 0):
 garbage-first heap   total 272384K, used 11589K [0x0000000746c00000, 0x0000000800000000)
  region size 1024K, 7 young (7168K), 7 survivors (7168K)
 Metaspace       used 20522K, capacity 21168K, committed 21296K, reserved 1067008K
  class space    used 2620K, capacity 2888K, committed 2944K, reserved 1048576K
}
Event: 3,131 GC heap before
{Heap before GC invocations=6 (full 0):
 garbage-first heap   total 272384K, used 104773K [0x0000000746c00000, 0x0000000800000000)
  region size 1024K, 98 young (100352K), 7 survivors (7168K)
 Metaspace       used 25242K, capacity 26023K, committed 26288K, reserved 1073152K
  class space    used 3215K, capacity 3509K, committed 3584K, reserved 1048576K
}
Event: 3,148 GC heap after
{Heap after GC invocations=7 (full 0):
 garbage-first heap   total 272384K, used 13563K [0x0000000746c00000, 0x0000000800000000)
  region size 1024K, 7 young (7168K), 7 survivors (7168K)
 Metaspace       used 25242K, capacity 26023K, committed 26288K, reserved 1073152K
  class space    used 3215K, capacity 3509K, committed 3584K, reserved 1048576K
}
Event: 4,064 GC heap before
{Heap before GC invocations=7 (full 0):
 garbage-first heap   total 272384K, used 134395K [0x0000000746c00000, 0x0000000800000000)
  region size 1024K, 126 young (129024K), 7 survivors (7168K)
 Metaspace       used 31797K, capacity 32822K, committed 33072K, reserved 1077248K
  class space    used 3996K, capacity 4383K, committed 4480K, reserved 1048576K
}
Event: 4,081 GC heap after
{Heap after GC invocations=8 (full 0):
 garbage-first heap   total 272384K, used 16238K [0x0000000746c00000, 0x0000000800000000)
  region size 1024K, 10 young (10240K), 10 survivors (10240K)
 Metaspace       used 31797K, capacity 32822K, committed 33072K, reserved 1077248K
  class space    used 3996K, capacity 4383K, committed 4480K, reserved 1048576K
}
Event: 4,327 GC heap before
{Heap before GC invocations=8 (full 0):
 garbage-first heap   total 272384K, used 29550K [0x0000000746c00000, 0x0000000800000000)
  region size 1024K, 25 young (25600K), 10 survivors (10240K)
 Metaspace       used 34919K, capacity 35880K, committed 35920K, reserved 1081344K
  class space    used 4342K, capacity 4740K, committed 4768K, reserved 1048576K
}
Event: 4,344 GC heap after
{Heap after GC invocations=9 (full 0):
 garbage-first heap   total 272384K, used 17659K [0x0000000746c00000, 0x0000000800000000)
  region size 1024K, 11 young (11264K), 11 survivors (11264K)
 Metaspace       used 34919K, capacity 35880K, committed 35920K, reserved 1081344K
  class space    used 4342K, capacity 4740K, committed 4768K, reserved 1048576K
}
Event: 6,540 GC heap before
{Heap before GC invocations=10 (full 0):
 garbage-first heap   total 272384K, used 157947K [0x0000000746c00000, 0x0000000800000000)
  region size 1024K, 149 young (152576K), 11 survivors (11264K)
 Metaspace       used 52750K, capacity 53983K, committed 54428K, reserved 1095680K
  class space    used 6838K, capacity 7279K, committed 7404K, reserved 1048576K
}
Event: 6,567 GC heap after
{Heap after GC invocations=11 (full 0):
 garbage-first heap   total 392192K, used 22728K [0x0000000746c00000, 0x0000000800000000)
  region size 1024K, 14 young (14336K), 14 survivors (14336K)
 Metaspace       used 52750K, capacity 53983K, committed 54428K, reserved 1095680K
  class space    used 6838K, capacity 7279K, committed 7404K, reserved 1048576K
}
Event: 38,411 GC heap before
{Heap before GC invocations=11 (full 0):
 garbage-first heap   total 392192K, used 115912K [0x0000000746c00000, 0x0000000800000000)
  region size 1024K, 106 young (108544K), 14 survivors (14336K)
 Metaspace       used 58697K, capacity 60216K, committed 60316K, reserved 1101824K
  class space    used 7570K, capacity 8157K, committed 8172K, reserved 1048576K
}
Event: 38,456 GC heap after
{Heap after GC invocations=12 (full 0):
 garbage-first heap   total 392192K, used 26865K [0x0000000746c00000, 0x0000000800000000)
  region size 1024K, 18 young (18432K), 18 survivors (18432K)
 Metaspace       used 58697K, capacity 60216K, committed 60316K, reserved 1101824K
  class space    used 7570K, capacity 8157K, committed 8172K, reserved 1048576K
}

